<?xml version="1.0" encoding="UTF-8"?>
<testsuite xmlns:xsi="http://www.w3.org/2001/XMLSchema-instance" xsi:noNamespaceSchemaLocation="https://maven.apache.org/surefire/maven-surefire-plugin/xsd/surefire-test-report-3.0.xsd" version="3.0" name="com.fidelidad.FidelidadServiceTest" time="0.021" tests="3" errors="0" skipped="0" failures="0">
  <properties>
[...]
</properties>
  <testcase name="testCalcularPuntosBase" classname="com.fidelidad.FidelidadServiceTest" time="0.006"/>
  <testcase name="alRegistrarCompra_seDebenSumarPuntosAlCliente" classname="com.fidelidad.FidelidadServiceTest" time="0.002"/>
  <testcase name="alAcumularSuficientesPuntos_clienteDebeSubirDeNivel" classname="com.fidelidad.FidelidadServiceTest" time="0.002"/>
</testsuite>